RUN	backend.VideoGameDbSimulation	videogamedbsimulation	1697358367324	 	3.9.0
USER	Backend Stress Test	START	1697358373619
USER	Backend Stress Test	START	1697358373620
USER	Backend Stress Test	START	1697358373620
USER	Backend Stress Test	START	1697358373627
USER	Backend Stress Test	START	1697358373632
USER	Backend Stress Test	START	1697358373634
USER	Backend Stress Test	START	1697358373634
USER	Backend Stress Test	START	1697358373639
USER	Backend Stress Test	START	1697358373639
USER	Backend Stress Test	START	1697358373646
USER	Backend Stress Test	START	1697358373652
USER	Backend Stress Test	START	1697358373657
USER	Backend Stress Test	START	1697358373662
USER	Backend Stress Test	START	1697358373667
USER	Backend Stress Test	START	1697358373673
USER	Backend Stress Test	START	1697358373678
USER	Backend Stress Test	START	1697358373684
USER	Backend Stress Test	START	1697358373689
USER	Backend Stress Test	START	1697358373694
USER	Backend Stress Test	START	1697358373703
USER	Backend Stress Test	START	1697358373709
USER	Backend Stress Test	START	1697358373715
USER	Backend Stress Test	START	1697358373721
USER	Backend Stress Test	START	1697358373725
USER	Backend Stress Test	START	1697358373730
USER	Backend Stress Test	START	1697358373735
USER	Backend Stress Test	START	1697358373741
USER	Backend Stress Test	START	1697358373746
USER	Backend Stress Test	START	1697358373750
USER	Backend Stress Test	START	1697358373755
USER	Backend Stress Test	START	1697358373760
USER	Backend Stress Test	START	1697358373765
USER	Backend Stress Test	START	1697358373769
USER	Backend Stress Test	START	1697358373775
USER	Backend Stress Test	START	1697358373780
USER	Backend Stress Test	START	1697358373785
USER	Backend Stress Test	START	1697358373790
USER	Backend Stress Test	START	1697358373795
USER	Backend Stress Test	START	1697358373800
USER	Backend Stress Test	START	1697358373805
USER	Backend Stress Test	START	1697358373810
USER	Backend Stress Test	START	1697358373816
USER	Backend Stress Test	START	1697358373820
USER	Backend Stress Test	START	1697358373825
USER	Backend Stress Test	START	1697358373830
USER	Backend Stress Test	START	1697358373836
USER	Backend Stress Test	START	1697358373840
USER	Backend Stress Test	START	1697358373846
USER	Backend Stress Test	START	1697358373850
USER	Backend Stress Test	START	1697358373855
USER	Backend Stress Test	START	1697358373860
USER	Backend Stress Test	START	1697358373864
USER	Backend Stress Test	START	1697358373870
USER	Backend Stress Test	START	1697358373875
USER	Backend Stress Test	START	1697358373880
USER	Backend Stress Test	START	1697358373886
USER	Backend Stress Test	START	1697358373891
USER	Backend Stress Test	START	1697358373895
USER	Backend Stress Test	START	1697358373900
USER	Backend Stress Test	START	1697358373905
USER	Backend Stress Test	START	1697358373910
USER	Backend Stress Test	START	1697358373915
USER	Backend Stress Test	START	1697358373920
USER	Backend Stress Test	START	1697358373925
USER	Backend Stress Test	START	1697358373931
USER	Backend Stress Test	START	1697358373936
USER	Backend Stress Test	START	1697358373941
USER	Backend Stress Test	START	1697358373945
USER	Backend Stress Test	START	1697358373951
USER	Backend Stress Test	START	1697358373956
USER	Backend Stress Test	START	1697358373961
USER	Backend Stress Test	START	1697358373966
USER	Backend Stress Test	START	1697358373971
USER	Backend Stress Test	START	1697358373976
USER	Backend Stress Test	START	1697358373981
USER	Backend Stress Test	START	1697358373986
USER	Backend Stress Test	START	1697358373990
USER	Backend Stress Test	START	1697358373996
USER	Backend Stress Test	START	1697358374001
USER	Backend Stress Test	START	1697358374006
USER	Backend Stress Test	START	1697358374010
USER	Backend Stress Test	START	1697358374016
USER	Backend Stress Test	START	1697358374021
USER	Backend Stress Test	START	1697358374025
USER	Backend Stress Test	START	1697358374030
USER	Backend Stress Test	START	1697358374036
USER	Backend Stress Test	START	1697358374039
USER	Backend Stress Test	START	1697358374046
USER	Backend Stress Test	START	1697358374051
USER	Backend Stress Test	START	1697358374057
USER	Backend Stress Test	START	1697358374062
USER	Backend Stress Test	START	1697358374066
USER	Backend Stress Test	START	1697358374071
USER	Backend Stress Test	START	1697358374076
USER	Backend Stress Test	START	1697358374082
USER	Backend Stress Test	START	1697358374086
USER	Backend Stress Test	START	1697358374092
USER	Backend Stress Test	START	1697358374097
USER	Backend Stress Test	START	1697358374102
USER	Backend Stress Test	START	1697358374106
USER	Backend Stress Test	START	1697358374112
USER	Backend Stress Test	START	1697358374117
USER	Backend Stress Test	START	1697358374122
USER	Backend Stress Test	START	1697358374127
USER	Backend Stress Test	START	1697358374131
USER	Backend Stress Test	START	1697358374137
USER	Backend Stress Test	START	1697358374142
USER	Backend Stress Test	START	1697358374147
USER	Backend Stress Test	START	1697358374151
USER	Backend Stress Test	START	1697358374157
USER	Backend Stress Test	START	1697358374162
USER	Backend Stress Test	START	1697358374167
USER	Backend Stress Test	START	1697358374172
USER	Backend Stress Test	START	1697358374177
USER	Backend Stress Test	START	1697358374182
USER	Backend Stress Test	START	1697358374187
USER	Backend Stress Test	START	1697358374192
USER	Backend Stress Test	START	1697358374197
USER	Backend Stress Test	START	1697358374202
USER	Backend Stress Test	START	1697358374207
USER	Backend Stress Test	START	1697358374211
USER	Backend Stress Test	START	1697358374218
USER	Backend Stress Test	START	1697358374222
USER	Backend Stress Test	START	1697358374227
USER	Backend Stress Test	START	1697358374234
USER	Backend Stress Test	START	1697358374238
USER	Backend Stress Test	START	1697358374242
USER	Backend Stress Test	START	1697358374248
USER	Backend Stress Test	START	1697358374253
USER	Backend Stress Test	START	1697358374258
USER	Backend Stress Test	START	1697358374262
USER	Backend Stress Test	START	1697358374268
USER	Backend Stress Test	START	1697358374272
USER	Backend Stress Test	START	1697358374278
USER	Backend Stress Test	START	1697358374282
USER	Backend Stress Test	START	1697358374288
USER	Backend Stress Test	START	1697358374292
USER	Backend Stress Test	START	1697358374297
USER	Backend Stress Test	START	1697358374302
USER	Backend Stress Test	START	1697358374308
USER	Backend Stress Test	START	1697358374312
USER	Backend Stress Test	START	1697358374318
USER	Backend Stress Test	START	1697358374323
USER	Backend Stress Test	START	1697358374328
USER	Backend Stress Test	START	1697358374332
USER	Backend Stress Test	START	1697358374337
USER	Backend Stress Test	START	1697358374343
USER	Backend Stress Test	START	1697358374348
USER	Backend Stress Test	START	1697358374353
USER	Backend Stress Test	START	1697358374357
USER	Backend Stress Test	START	1697358374362
USER	Backend Stress Test	START	1697358374367
USER	Backend Stress Test	START	1697358374372
USER	Backend Stress Test	START	1697358374377
USER	Backend Stress Test	START	1697358374383
USER	Backend Stress Test	START	1697358374388
USER	Backend Stress Test	START	1697358374392
USER	Backend Stress Test	START	1697358374397
USER	Backend Stress Test	START	1697358374403
USER	Backend Stress Test	START	1697358374407
USER	Backend Stress Test	START	1697358374412
USER	Backend Stress Test	START	1697358374418
USER	Backend Stress Test	START	1697358374424
USER	Backend Stress Test	START	1697358374428
USER	Backend Stress Test	START	1697358374433
USER	Backend Stress Test	START	1697358374437
USER	Backend Stress Test	START	1697358374443
USER	Backend Stress Test	START	1697358374448
USER	Backend Stress Test	START	1697358374453
USER	Backend Stress Test	START	1697358374458
USER	Backend Stress Test	START	1697358374463
USER	Backend Stress Test	START	1697358374468
USER	Backend Stress Test	START	1697358374472
USER	Backend Stress Test	START	1697358374478
USER	Backend Stress Test	START	1697358374483
USER	Backend Stress Test	START	1697358374487
USER	Backend Stress Test	START	1697358374493
USER	Backend Stress Test	START	1697358374498
USER	Backend Stress Test	START	1697358374503
USER	Backend Stress Test	START	1697358374508
USER	Backend Stress Test	START	1697358374513
USER	Backend Stress Test	START	1697358374518
USER	Backend Stress Test	START	1697358374524
USER	Backend Stress Test	START	1697358374528
USER	Backend Stress Test	START	1697358374534
USER	Backend Stress Test	START	1697358374538
USER	Backend Stress Test	START	1697358374543
USER	Backend Stress Test	START	1697358374549
USER	Backend Stress Test	START	1697358374553
USER	Backend Stress Test	START	1697358374558
USER	Backend Stress Test	START	1697358374563
USER	Backend Stress Test	START	1697358374568
USER	Backend Stress Test	START	1697358374573
USER	Backend Stress Test	START	1697358374578
USER	Backend Stress Test	START	1697358374583
USER	Backend Stress Test	START	1697358374588
USER	Backend Stress Test	START	1697358374594
USER	Backend Stress Test	START	1697358374598
USER	Backend Stress Test	START	1697358374603
USER	Backend Stress Test	START	1697358374608
REQUEST		Get all video games	1697358373628	1697358377673	OK	 
REQUEST		Get all video games	1697358373622	1697358377736	OK	 
REQUEST		Get all video games	1697358373634	1697358377776	OK	 
REQUEST		Get all video games	1697358373616	1697358377810	OK	 
REQUEST		Get all video games	1697358373616	1697358377842	OK	 
REQUEST		Get all video games	1697358373646	1697358377899	OK	 
REQUEST		Get all video games	1697358373616	1697358377907	OK	 
REQUEST		Get all video games	1697358373639	1697358378089	OK	 
REQUEST		Get all video games	1697358373615	1697358378090	OK	 
REQUEST		Get all video games	1697358373616	1697358378225	OK	 
REQUEST		Get all video games	1697358373652	1697358381660	OK	 
REQUEST		Get all video games	1697358373657	1697358381810	OK	 
REQUEST		Get all video games	1697358373661	1697358381975	OK	 
REQUEST		Get all video games	1697358373667	1697358382093	OK	 
REQUEST		Get all video games	1697358373673	1697358382445	OK	 
REQUEST		Get all video games	1697358373683	1697358382831	OK	 
REQUEST		Get all video games	1697358373678	1697358382832	OK	 
REQUEST		Get all video games	1697358373694	1697358384002	OK	 
REQUEST		Get all video games	1697358373689	1697358384259	OK	 
REQUEST		Get all video games	1697358373703	1697358384969	OK	 
REQUEST		Get all video games	1697358373708	1697358387599	OK	 
REQUEST		Get all video games	1697358373715	1697358387905	OK	 
REQUEST		Get all video games	1697358373725	1697358388058	OK	 
REQUEST		Get all video games	1697358373720	1697358388059	OK	 
REQUEST		Get all video games	1697358373730	1697358388250	OK	 
REQUEST		Get all video games	1697358373735	1697358388410	OK	 
REQUEST		Get all video games	1697358373740	1697358388484	OK	 
REQUEST		Get all video games	1697358373745	1697358389095	OK	 
REQUEST		Get all video games	1697358373750	1697358389147	OK	 
REQUEST		Get all video games	1697358373755	1697358389596	OK	 
REQUEST		Get all video games	1697358373760	1697358391529	OK	 
REQUEST		Get all video games	1697358373765	1697358391924	OK	 
REQUEST		Get all video games	1697358373775	1697358392079	OK	 
REQUEST		Get all video games	1697358373769	1697358392115	OK	 
REQUEST		Get all video games	1697358373780	1697358392361	OK	 
REQUEST		Get all video games	1697358373785	1697358392517	OK	 
REQUEST		Get all video games	1697358373790	1697358392674	OK	 
REQUEST		Get all video games	1697358373795	1697358393465	OK	 
REQUEST		Get all video games	1697358373800	1697358393533	OK	 
REQUEST		Get all video games	1697358373804	1697358394157	OK	 
REQUEST		Get all video games	1697358373810	1697358395438	OK	 
REQUEST		Get all video games	1697358373815	1697358395946	OK	 
REQUEST		Get all video games	1697358373820	1697358396150	OK	 
REQUEST		Get all video games	1697358373825	1697358396188	OK	 
REQUEST		Get all video games	1697358373830	1697358396639	OK	 
REQUEST		Get all video games	1697358373836	1697358397288	OK	 
REQUEST		Get all video games	1697358373840	1697358397773	OK	 
REQUEST		Get all video games	1697358373845	1697358399984	OK	 
REQUEST		Get all video games	1697358373850	1697358400025	OK	 
REQUEST		Get all video games	1697358373855	1697358400842	OK	 
REQUEST		Get all video games	1697358373860	1697358401276	OK	 
REQUEST		Get all video games	1697358373864	1697358401947	OK	 
REQUEST		Get all video games	1697358373875	1697358402203	OK	 
REQUEST		Get all video games	1697358373869	1697358402219	OK	 
REQUEST		Get all video games	1697358373880	1697358402667	OK	 
REQUEST		Get all video games	1697358373885	1697358402815	OK	 
REQUEST		Get all video games	1697358373890	1697358403167	OK	 
REQUEST		Get all video games	1697358373945	1697358403982	KO	status.find.in([200, 209], 304), found 500
REQUEST		Get all video games	1697358373971	1697358403982	KO	status.find.in([200, 209], 304), found 500
REQUEST		Get all video games	1697358373955	1697358403982	KO	status.find.in([200, 209], 304), found 500
REQUEST		Get all video games	1697358373951	1697358403982	KO	status.find.in([200, 209], 304), found 500
REQUEST		Get all video games	1697358373976	1697358403982	KO	status.find.in([200, 209], 304), found 500
REQUEST		Get all video games	1697358373961	1697358403982	KO	status.find.in([200, 209], 304), found 500
REQUEST		Get all video games	1697358373966	1697358403982	KO	status.find.in([200, 209], 304), found 500
REQUEST		Get all video games	1697358373981	1697358403990	KO	status.find.in([200, 209], 304), found 500
REQUEST		Get all video games	1697358373986	1697358403995	KO	status.find.in([200, 209], 304), found 500
REQUEST		Get all video games	1697358373990	1697358403998	KO	status.find.in([200, 209], 304), found 500
REQUEST		Get all video games	1697358373996	1697358404005	KO	status.find.in([200, 209], 304), found 500
REQUEST		Get all video games	1697358374000	1697358404007	KO	status.find.in([200, 209], 304), found 500
REQUEST		Get all video games	1697358374006	1697358404015	KO	status.find.in([200, 209], 304), found 500
REQUEST		Get all video games	1697358374009	1697358404018	KO	status.find.in([200, 209], 304), found 500
REQUEST		Get all video games	1697358374016	1697358404025	KO	status.find.in([200, 209], 304), found 500
REQUEST		Get all video games	1697358374021	1697358404031	KO	status.find.in([200, 209], 304), found 500
REQUEST		Get all video games	1697358374025	1697358404034	KO	status.find.in([200, 209], 304), found 500
REQUEST		Get all video games	1697358374030	1697358404039	KO	status.find.in([200, 209], 304), found 500
REQUEST		Get all video games	1697358374035	1697358404045	KO	status.find.in([200, 209], 304), found 500
REQUEST		Get all video games	1697358374039	1697358404047	KO	status.find.in([200, 209], 304), found 500
REQUEST		Get all video games	1697358374046	1697358404054	KO	status.find.in([200, 209], 304), found 500
REQUEST		Get all video games	1697358374051	1697358404058	KO	status.find.in([200, 209], 304), found 500
REQUEST		Get all video games	1697358374057	1697358404065	KO	status.find.in([200, 209], 304), found 500
REQUEST		Get all video games	1697358374062	1697358404069	KO	status.find.in([200, 209], 304), found 500
REQUEST		Get all video games	1697358374066	1697358404075	KO	status.find.in([200, 209], 304), found 500
REQUEST		Get all video games	1697358374071	1697358404076	KO	status.find.in([200, 209], 304), found 500
REQUEST		Get all video games	1697358374076	1697358404082	KO	status.find.in([200, 209], 304), found 500
REQUEST		Get all video games	1697358374082	1697358404087	KO	status.find.in([200, 209], 304), found 500
REQUEST		Get all video games	1697358374086	1697358404092	KO	status.find.in([200, 209], 304), found 500
REQUEST		Get all video games	1697358374092	1697358404096	KO	status.find.in([200, 209], 304), found 500
REQUEST		Get all video games	1697358374097	1697358404102	KO	status.find.in([200, 209], 304), found 500
REQUEST		Get all video games	1697358374102	1697358404108	KO	status.find.in([200, 209], 304), found 500
REQUEST		Get all video games	1697358374106	1697358404111	KO	status.find.in([200, 209], 304), found 500
REQUEST		Get all video games	1697358374112	1697358404122	KO	status.find.in([200, 209], 304), found 500
REQUEST		Get all video games	1697358374116	1697358404124	KO	status.find.in([200, 209], 304), found 500
REQUEST		Get all video games	1697358374122	1697358404129	KO	status.find.in([200, 209], 304), found 500
REQUEST		Get all video games	1697358374126	1697358404133	KO	status.find.in([200, 209], 304), found 500
REQUEST		Get all video games	1697358374131	1697358404135	KO	status.find.in([200, 209], 304), found 500
REQUEST		Get all video games	1697358374137	1697358404140	KO	status.find.in([200, 209], 304), found 500
REQUEST		Get all video games	1697358374142	1697358404147	KO	status.find.in([200, 209], 304), found 500
REQUEST		Get all video games	1697358374147	1697358404155	KO	status.find.in([200, 209], 304), found 500
REQUEST		Get all video games	1697358374151	1697358404156	KO	status.find.in([200, 209], 304), found 500
REQUEST		Get all video games	1697358374157	1697358404164	KO	status.find.in([200, 209], 304), found 500
REQUEST		Get all video games	1697358374162	1697358404170	KO	status.find.in([200, 209], 304), found 500
REQUEST		Get all video games	1697358374167	1697358404175	KO	status.find.in([200, 209], 304), found 500
REQUEST		Get all video games	1697358374172	1697358404180	KO	status.find.in([200, 209], 304), found 500
REQUEST		Get all video games	1697358374177	1697358404184	KO	status.find.in([200, 209], 304), found 500
REQUEST		Get all video games	1697358374182	1697358404189	KO	status.find.in([200, 209], 304), found 500
REQUEST		Get all video games	1697358374187	1697358404195	KO	status.find.in([200, 209], 304), found 500
REQUEST		Get all video games	1697358374192	1697358404201	KO	status.find.in([200, 209], 304), found 500
REQUEST		Get all video games	1697358374197	1697358404203	KO	status.find.in([200, 209], 304), found 500
REQUEST		Get all video games	1697358374202	1697358404207	KO	status.find.in([200, 209], 304), found 500
REQUEST		Get all video games	1697358374207	1697358404213	KO	status.find.in([200, 209], 304), found 500
REQUEST		Get all video games	1697358374211	1697358404220	KO	status.find.in([200, 209], 304), found 500
REQUEST		Get all video games	1697358374217	1697358404226	KO	status.find.in([200, 209], 304), found 500
REQUEST		Get all video games	1697358374222	1697358404233	KO	status.find.in([200, 209], 304), found 500
REQUEST		Get all video games	1697358374227	1697358404235	KO	status.find.in([200, 209], 304), found 500
REQUEST		Get all video games	1697358374233	1697358404241	KO	status.find.in([200, 209], 304), found 500
REQUEST		Get all video games	1697358374238	1697358404247	KO	status.find.in([200, 209], 304), found 500
REQUEST		Get all video games	1697358374242	1697358404253	KO	status.find.in([200, 209], 304), found 500
REQUEST		Get all video games	1697358374247	1697358404254	KO	status.find.in([200, 209], 304), found 500
REQUEST		Get all video games	1697358374253	1697358404260	KO	status.find.in([200, 209], 304), found 500
REQUEST		Get all video games	1697358374257	1697358404264	KO	status.find.in([200, 209], 304), found 500
REQUEST		Get all video games	1697358374262	1697358404271	KO	status.find.in([200, 209], 304), found 500
REQUEST		Get all video games	1697358374268	1697358404276	KO	status.find.in([200, 209], 304), found 500
REQUEST		Get all video games	1697358374272	1697358404280	KO	status.find.in([200, 209], 304), found 500
REQUEST		Get all video games	1697358374278	1697358404284	KO	status.find.in([200, 209], 304), found 500
REQUEST		Get all video games	1697358374282	1697358404297	KO	status.find.in([200, 209], 304), found 500
REQUEST		Get all video games	1697358374287	1697358404297	KO	status.find.in([200, 209], 304), found 500
REQUEST		Get all video games	1697358374292	1697358404298	KO	status.find.in([200, 209], 304), found 500
REQUEST		Get all video games	1697358374302	1697358404305	KO	status.find.in([200, 209], 304), found 500
REQUEST		Get all video games	1697358374297	1697358404305	KO	status.find.in([200, 209], 304), found 500
REQUEST		Get all video games	1697358374308	1697358404311	KO	status.find.in([200, 209], 304), found 500
REQUEST		Get all video games	1697358374312	1697358404321	KO	status.find.in([200, 209], 304), found 500
REQUEST		Get all video games	1697358374318	1697358404332	KO	status.find.in([200, 209], 304), found 500
REQUEST		Get all video games	1697358374323	1697358404332	KO	status.find.in([200, 209], 304), found 500
REQUEST		Get all video games	1697358374328	1697358404338	KO	status.find.in([200, 209], 304), found 500
REQUEST		Get all video games	1697358374331	1697358404340	KO	status.find.in([200, 209], 304), found 500
REQUEST		Get all video games	1697358374337	1697358404342	KO	status.find.in([200, 209], 304), found 500
REQUEST		Get all video games	1697358374343	1697358404349	KO	status.find.in([200, 209], 304), found 500
REQUEST		Get all video games	1697358374348	1697358404355	KO	status.find.in([200, 209], 304), found 500
REQUEST		Get all video games	1697358374353	1697358404358	KO	status.find.in([200, 209], 304), found 500
REQUEST		Get all video games	1697358373895	1697358404360	OK	 
REQUEST		Get all video games	1697358374362	1697358404368	KO	status.find.in([200, 209], 304), found 500
REQUEST		Get all video games	1697358374367	1697358404373	KO	status.find.in([200, 209], 304), found 500
REQUEST		Get all video games	1697358374372	1697358404381	KO	status.find.in([200, 209], 304), found 500
REQUEST		Get all video games	1697358374377	1697358404386	KO	status.find.in([200, 209], 304), found 500
REQUEST		Get all video games	1697358374388	1697358404391	KO	status.find.in([200, 209], 304), found 500
REQUEST		Get all video games	1697358374383	1697358404391	KO	status.find.in([200, 209], 304), found 500
REQUEST		Get all video games	1697358374392	1697358404396	KO	status.find.in([200, 209], 304), found 500
REQUEST		Get all video games	1697358373900	1697358404396	OK	 
REQUEST		Get all video games	1697358374403	1697358404412	KO	status.find.in([200, 209], 304), found 500
REQUEST		Get all video games	1697358374407	1697358404413	KO	status.find.in([200, 209], 304), found 500
REQUEST		Get all video games	1697358374412	1697358404431	KO	status.find.in([200, 209], 304), found 500
REQUEST		Get all video games	1697358374417	1697358404436	KO	status.find.in([200, 209], 304), found 500
REQUEST		Get all video games	1697358374427	1697358404436	KO	status.find.in([200, 209], 304), found 500
REQUEST		Get all video games	1697358374422	1697358404436	KO	status.find.in([200, 209], 304), found 500
REQUEST		Get all video games	1697358374436	1697358404441	KO	status.find.in([200, 209], 304), found 500
REQUEST		Get all video games	1697358374432	1697358404441	KO	status.find.in([200, 209], 304), found 500
REQUEST		Get all video games	1697358374443	1697358404451	KO	status.find.in([200, 209], 304), found 500
REQUEST		Get all video games	1697358374448	1697358404455	KO	status.find.in([200, 209], 304), found 500
REQUEST		Get all video games	1697358374453	1697358404460	KO	status.find.in([200, 209], 304), found 500
REQUEST		Get all video games	1697358374458	1697358404465	KO	status.find.in([200, 209], 304), found 500
REQUEST		Get all video games	1697358374462	1697358404469	KO	status.find.in([200, 209], 304), found 500
REQUEST		Get all video games	1697358374468	1697358404476	KO	status.find.in([200, 209], 304), found 500
REQUEST		Get all video games	1697358374472	1697358404480	KO	status.find.in([200, 209], 304), found 500
REQUEST		Get all video games	1697358374477	1697358404482	KO	status.find.in([200, 209], 304), found 500
REQUEST		Get all video games	1697358374483	1697358404491	KO	status.find.in([200, 209], 304), found 500
REQUEST		Get all video games	1697358374487	1697358404495	KO	status.find.in([200, 209], 304), found 500
REQUEST		Get all video games	1697358374493	1697358404498	KO	status.find.in([200, 209], 304), found 500
REQUEST		Get all video games	1697358374498	1697358404506	KO	status.find.in([200, 209], 304), found 500
REQUEST		Get all video games	1697358374502	1697358404507	KO	status.find.in([200, 209], 304), found 500
REQUEST		Get all video games	1697358374508	1697358404516	KO	status.find.in([200, 209], 304), found 500
REQUEST		Get all video games	1697358374513	1697358404518	KO	status.find.in([200, 209], 304), found 500
REQUEST		Get all video games	1697358374518	1697358404522	KO	status.find.in([200, 209], 304), found 500
REQUEST		Get all video games	1697358374523	1697358404532	KO	status.find.in([200, 209], 304), found 500
REQUEST		Get all video games	1697358374527	1697358404546	KO	status.find.in([200, 209], 304), found 500
REQUEST		Get all video games	1697358374538	1697358404546	KO	status.find.in([200, 209], 304), found 500
REQUEST		Get all video games	1697358374533	1697358404546	KO	status.find.in([200, 209], 304), found 500
REQUEST		Get all video games	1697358374543	1697358404548	KO	status.find.in([200, 209], 304), found 500
REQUEST		Get all video games	1697358374553	1697358404559	KO	status.find.in([200, 209], 304), found 500
REQUEST		Get all video games	1697358374549	1697358404560	KO	status.find.in([200, 209], 304), found 500
REQUEST		Get all video games	1697358374558	1697358404564	KO	status.find.in([200, 209], 304), found 500
REQUEST		Get all video games	1697358374562	1697358404569	KO	status.find.in([200, 209], 304), found 500
REQUEST		Get all video games	1697358374568	1697358404575	KO	status.find.in([200, 209], 304), found 500
REQUEST		Get all video games	1697358374573	1697358404579	KO	status.find.in([200, 209], 304), found 500
REQUEST		Get all video games	1697358374578	1697358404587	KO	status.find.in([200, 209], 304), found 500
REQUEST		Get all video games	1697358374583	1697358404590	KO	status.find.in([200, 209], 304), found 500
REQUEST		Get all video games	1697358374588	1697358404604	KO	status.find.in([200, 209], 304), found 500
REQUEST		Get all video games	1697358374593	1697358404604	KO	status.find.in([200, 209], 304), found 500
REQUEST		Get all video games	1697358374598	1697358404606	KO	status.find.in([200, 209], 304), found 500
REQUEST		Get all video games	1697358374603	1697358404611	KO	status.find.in([200, 209], 304), found 500
REQUEST		Get all video games	1697358374608	1697358404618	KO	status.find.in([200, 209], 304), found 500
REQUEST		Get all video games	1697358373909	1697358405211	OK	 
REQUEST		Get all video games	1697358373905	1697358405372	OK	 
REQUEST		Get all video games	1697358373915	1697358406003	OK	 
REQUEST		Get all video games	1697358373920	1697358406238	OK	 
REQUEST		Get all video games	1697358373925	1697358406276	OK	 
REQUEST		Get all video games	1697358373931	1697358406777	OK	 
REQUEST		Get all video games	1697358373935	1697358406905	OK	 
REQUEST		Get all video games	1697358373940	1697358407299	OK	 
REQUEST		Search game with name	1697358379686	1697358408624	OK	 
REQUEST		Get all video games	1697358374357	1697358408667	OK	 
REQUEST		Get all video games	1697358374397	1697358408737	OK	 
REQUEST		Search game with name	1697358379738	1697358409323	OK	 
REQUEST		Search game with name	1697358379778	1697358409508	OK	 
REQUEST		Search game with name	1697358379813	1697358409740	OK	 
REQUEST		Search game with name	1697358379844	1697358409780	OK	 
REQUEST		Search game with name	1697358379903	1697358410389	OK	 
REQUEST		Search game with name	1697358379910	1697358410521	OK	 
USER	Backend Stress Test	END	1697358410626
REQUEST		Search game with name	1697358380091	1697358411106	OK	 
USER	Backend Stress Test	END	1697358411325
USER	Backend Stress Test	END	1697358411510
USER	Backend Stress Test	END	1697358411742
USER	Backend Stress Test	END	1697358411782
USER	Backend Stress Test	END	1697358412393
USER	Backend Stress Test	END	1697358412523
USER	Backend Stress Test	END	1697358413109
REQUEST		Search game with name	1697358380092	1697358414077	OK	 
REQUEST		Search game with name	1697358380227	1697358414710	OK	 
REQUEST		Search game with name	1697358383664	1697358414837	OK	 
REQUEST		Search game with name	1697358383977	1697358415135	OK	 
REQUEST		Search game with name	1697358384448	1697358415426	OK	 
REQUEST		Search game with name	1697358384096	1697358415426	OK	 
REQUEST		Search game with name	1697358383813	1697358415526	OK	 
USER	Backend Stress Test	END	1697358416079
REQUEST		Search game with name	1697358384838	1697358416249	OK	 
REQUEST		Search game with name	1697358384838	1697358416394	OK	 
USER	Backend Stress Test	END	1697358416712
REQUEST		Search game with name	1697358386004	1697358416839	OK	 
USER	Backend Stress Test	END	1697358416840
USER	Backend Stress Test	END	1697358417137
USER	Backend Stress Test	END	1697358417427
USER	Backend Stress Test	END	1697358417428
USER	Backend Stress Test	END	1697358417528
REQUEST		Search game with name	1697358386262	1697358417672	OK	 
USER	Backend Stress Test	END	1697358418251
USER	Backend Stress Test	END	1697358418405
REQUEST		Search game with name	1697358386972	1697358418604	OK	 
REQUEST		Search game with name	1697358389601	1697358418734	OK	 
REQUEST		Search game with name	1697358389907	1697358418774	OK	 
USER	Backend Stress Test	END	1697358418841
REQUEST		Search game with name	1697358390059	1697358419051	OK	 
REQUEST		Search game with name	1697358390061	1697358419057	OK	 
REQUEST		Search game with name	1697358390252	1697358419570	OK	 
USER	Backend Stress Test	END	1697358419676
REQUEST		Search game with name	1697358390412	1697358419978	OK	 
REQUEST		Search game with name	1697358390487	1697358420113	OK	 
USER	Backend Stress Test	END	1697358420606
REQUEST		Search game with name	1697358391097	1697358420666	OK	 
USER	Backend Stress Test	END	1697358420736
USER	Backend Stress Test	END	1697358420776
USER	Backend Stress Test	END	1697358421054
USER	Backend Stress Test	END	1697358421058
REQUEST		Search game with name	1697358391148	1697358421186	OK	 
USER	Backend Stress Test	END	1697358421571
USER	Backend Stress Test	END	1697358421981
USER	Backend Stress Test	END	1697358422114
REQUEST		Search game with name	1697358393927	1697358422393	OK	 
REQUEST		Search game with name	1697358391597	1697358422503	OK	 
REQUEST		Search game with name	1697358393530	1697358422633	OK	 
USER	Backend Stress Test	END	1697358422669
REQUEST		Search game with name	1697358394116	1697358422697	OK	 
REQUEST		Search game with name	1697358394081	1697358422701	OK	 
USER	Backend Stress Test	END	1697358423188
REQUEST		Search game with name	1697358394364	1697358423637	OK	 
REQUEST		Search game with name	1697358394519	1697358423662	OK	 
REQUEST		Search game with name	1697358394676	1697358423826	OK	 
REQUEST		Search game with name	1697358395468	1697358424392	OK	 
USER	Backend Stress Test	END	1697358424404
USER	Backend Stress Test	END	1697358424506
USER	Backend Stress Test	END	1697358424635
REQUEST		Search game with name	1697358395534	1697358424691	OK	 
USER	Backend Stress Test	END	1697358424698
USER	Backend Stress Test	END	1697358424703
USER	Backend Stress Test	END	1697358425639
USER	Backend Stress Test	END	1697358425666
USER	Backend Stress Test	END	1697358425828
USER	Backend Stress Test	END	1697358426394
USER	Backend Stress Test	END	1697358426693
REQUEST		Search game with name	1697358396158	1697358426947	OK	 
REQUEST		Search game with name	1697358398152	1697358427998	OK	 
REQUEST		Search game with name	1697358398190	1697358427999	OK	 
REQUEST		Search game with name	1697358397440	1697358428594	OK	 
REQUEST		Search game with name	1697358397948	1697358428676	OK	 
USER	Backend Stress Test	END	1697358428949
REQUEST		Search game with name	1697358399290	1697358429340	OK	 
REQUEST		Search game with name	1697358399775	1697358429563	OK	 
REQUEST		Search game with name	1697358398643	1697358429795	OK	 
USER	Backend Stress Test	END	1697358430000
USER	Backend Stress Test	END	1697358430001
REQUEST		Search game with name	1697358402028	1697358430150	OK	 
REQUEST		Search game with name	1697358401986	1697358430236	OK	 
USER	Backend Stress Test	END	1697358430596
USER	Backend Stress Test	END	1697358430677
USER	Backend Stress Test	END	1697358431342
REQUEST		Search game with name	1697358402843	1697358431513	OK	 
USER	Backend Stress Test	END	1697358431565
USER	Backend Stress Test	END	1697358431797
REQUEST		Search game with name	1697358403949	1697358431855	OK	 
REQUEST		Search game with name	1697358403278	1697358431856	OK	 
USER	Backend Stress Test	END	1697358432155
USER	Backend Stress Test	END	1697358432239
REQUEST		Search game with name	1697358404205	1697358432466	OK	 
REQUEST		Search game with name	1697358404221	1697358432554	OK	 
REQUEST		Search game with name	1697358404668	1697358433013	OK	 
REQUEST		Search game with name	1697358404817	1697358433224	OK	 
USER	Backend Stress Test	END	1697358433515
REQUEST		Search game with name	1697358405985	1697358433624	OK	 
REQUEST		Search game with name	1697358405170	1697358433831	OK	 
USER	Backend Stress Test	END	1697358433857
USER	Backend Stress Test	END	1697358433858
REQUEST		Search game with name	1697358405985	1697358433927	OK	 
USER	Backend Stress Test	END	1697358434468
USER	Backend Stress Test	END	1697358434556
USER	Backend Stress Test	END	1697358435015
USER	Backend Stress Test	END	1697358435226
REQUEST		Search game with name	1697358405985	1697358435268	OK	 
USER	Backend Stress Test	END	1697358435627
REQUEST		Search game with name	1697358405985	1697358435727	OK	 
REQUEST		Search game with name	1697358405985	1697358435727	OK	 
USER	Backend Stress Test	END	1697358435833
USER	Backend Stress Test	END	1697358435930
REQUEST		Search game with name	1697358406033	1697358436047	KO	status.find.in([200, 209], 304), found 400
REQUEST		Search game with name	1697358406035	1697358436047	KO	status.find.in([200, 209], 304), found 400
REQUEST		Search game with name	1697358406040	1697358436048	KO	status.find.in([200, 209], 304), found 400
REQUEST		Search game with name	1697358406049	1697358436055	KO	status.find.in([200, 209], 304), found 400
REQUEST		Search game with name	1697358406046	1697358436056	KO	status.find.in([200, 209], 304), found 400
REQUEST		Search game with name	1697358406056	1697358436066	KO	status.find.in([200, 209], 304), found 400
REQUEST		Search game with name	1697358406060	1697358436076	KO	status.find.in([200, 209], 304), found 400
REQUEST		Search game with name	1697358406071	1697358436077	KO	status.find.in([200, 209], 304), found 400
REQUEST		Search game with name	1697358406068	1697358436079	KO	status.find.in([200, 209], 304), found 400
REQUEST		Search game with name	1697358406078	1697358436090	KO	status.find.in([200, 209], 304), found 400
REQUEST		Search game with name	1697358406077	1697358436090	KO	status.find.in([200, 209], 304), found 400
REQUEST		Search game with name	1697358406084	1697358436093	KO	status.find.in([200, 209], 304), found 400
REQUEST		Search game with name	1697358406089	1697358436093	KO	status.find.in([200, 209], 304), found 400
REQUEST		Search game with name	1697358406093	1697358436103	KO	status.find.in([200, 209], 304), found 400
REQUEST		Search game with name	1697358406097	1697358436106	KO	status.find.in([200, 209], 304), found 400
REQUEST		Search game with name	1697358406109	1697358436114	KO	status.find.in([200, 209], 304), found 400
REQUEST		Search game with name	1697358406104	1697358436114	KO	status.find.in([200, 209], 304), found 400
REQUEST		Search game with name	1697358406112	1697358436121	KO	status.find.in([200, 209], 304), found 400
REQUEST		Search game with name	1697358406123	1697358436135	KO	status.find.in([200, 209], 304), found 400
REQUEST		Search game with name	1697358406125	1697358436135	KO	status.find.in([200, 209], 304), found 400
REQUEST		Search game with name	1697358406131	1697358436139	KO	status.find.in([200, 209], 304), found 400
REQUEST		Search game with name	1697358406134	1697358436142	KO	status.find.in([200, 209], 304), found 400
REQUEST		Search game with name	1697358406137	1697358436143	KO	status.find.in([200, 209], 304), found 400
REQUEST		Search game with name	1697358406143	1697358436153	KO	status.find.in([200, 209], 304), found 400
REQUEST		Search game with name	1697358406148	1697358436155	KO	status.find.in([200, 209], 304), found 400
REQUEST		Search game with name	1697358406157	1697358436164	KO	status.find.in([200, 209], 304), found 400
REQUEST		Search game with name	1697358406158	1697358436165	KO	status.find.in([200, 209], 304), found 400
REQUEST		Search game with name	1697358406165	1697358436175	KO	status.find.in([200, 209], 304), found 400
REQUEST		Search game with name	1697358406171	1697358436181	KO	status.find.in([200, 209], 304), found 400
REQUEST		Search game with name	1697358406176	1697358436181	KO	status.find.in([200, 209], 304), found 400
REQUEST		Search game with name	1697358406181	1697358436191	KO	status.find.in([200, 209], 304), found 400
REQUEST		Search game with name	1697358406186	1697358436193	KO	status.find.in([200, 209], 304), found 400
REQUEST		Search game with name	1697358406191	1697358436197	KO	status.find.in([200, 209], 304), found 400
REQUEST		Search game with name	1697358406196	1697358436206	KO	status.find.in([200, 209], 304), found 400
REQUEST		Search game with name	1697358406205	1697358436208	KO	status.find.in([200, 209], 304), found 400
REQUEST		Search game with name	1697358406201	1697358436209	KO	status.find.in([200, 209], 304), found 400
REQUEST		Search game with name	1697358406209	1697358436216	KO	status.find.in([200, 209], 304), found 400
REQUEST		Search game with name	1697358406215	1697358436222	KO	status.find.in([200, 209], 304), found 400
REQUEST		Search game with name	1697358406222	1697358436232	KO	status.find.in([200, 209], 304), found 400
REQUEST		Search game with name	1697358406228	1697358436238	KO	status.find.in([200, 209], 304), found 400
REQUEST		Search game with name	1697358406235	1697358436240	KO	status.find.in([200, 209], 304), found 400
REQUEST		Search game with name	1697358406237	1697358436245	KO	status.find.in([200, 209], 304), found 400
REQUEST		Search game with name	1697358406243	1697358436250	KO	status.find.in([200, 209], 304), found 400
REQUEST		Search game with name	1697358406248	1697358436256	KO	status.find.in([200, 209], 304), found 400
REQUEST		Search game with name	1697358406261	1697358436266	KO	status.find.in([200, 209], 304), found 400
REQUEST		Search game with name	1697358406256	1697358436266	KO	status.find.in([200, 209], 304), found 400
REQUEST		Search game with name	1697358406255	1697358436266	KO	status.find.in([200, 209], 304), found 400
REQUEST		Search game with name	1697358406266	1697358436274	KO	status.find.in([200, 209], 304), found 400
REQUEST		Search game with name	1697358406273	1697358436282	KO	status.find.in([200, 209], 304), found 400
REQUEST		Search game with name	1697358406278	1697358436287	KO	status.find.in([200, 209], 304), found 400
REQUEST		Search game with name	1697358406282	1697358436288	KO	status.find.in([200, 209], 304), found 400
REQUEST		Search game with name	1697358406286	1697358436293	KO	status.find.in([200, 209], 304), found 400
REQUEST		Search game with name	1697358406299	1697358436308	KO	status.find.in([200, 209], 304), found 400
REQUEST		Search game with name	1697358406299	1697358436312	KO	status.find.in([200, 209], 304), found 400
REQUEST		Search game with name	1697358406299	1697358436312	KO	status.find.in([200, 209], 304), found 400
REQUEST		Search game with name	1697358406308	1697358436317	KO	status.find.in([200, 209], 304), found 400
REQUEST		Search game with name	1697358406307	1697358436318	KO	status.find.in([200, 209], 304), found 400
REQUEST		Search game with name	1697358406314	1697358436318	KO	status.find.in([200, 209], 304), found 400
REQUEST		Search game with name	1697358406323	1697358436333	KO	status.find.in([200, 209], 304), found 400
REQUEST		Search game with name	1697358406333	1697358436342	KO	status.find.in([200, 209], 304), found 400
REQUEST		Search game with name	1697358406334	1697358436343	KO	status.find.in([200, 209], 304), found 400
REQUEST		Search game with name	1697358406342	1697358436352	KO	status.find.in([200, 209], 304), found 400
REQUEST		Search game with name	1697358406340	1697358436353	KO	status.find.in([200, 209], 304), found 400
REQUEST		Search game with name	1697358406344	1697358436353	KO	status.find.in([200, 209], 304), found 400
REQUEST		Search game with name	1697358406351	1697358436357	KO	status.find.in([200, 209], 304), found 400
REQUEST		Search game with name	1697358406357	1697358436360	KO	status.find.in([200, 209], 304), found 400
REQUEST		Search game with name	1697358406361	1697358436366	KO	status.find.in([200, 209], 304), found 400
REQUEST		Search game with name	1697358406360	1697358436368	KO	status.find.in([200, 209], 304), found 400
REQUEST		Search game with name	1697358406370	1697358436380	KO	status.find.in([200, 209], 304), found 400
REQUEST		Search game with name	1697358406375	1697358436380	KO	status.find.in([200, 209], 304), found 400
REQUEST		Search game with name	1697358406383	1697358436389	KO	status.find.in([200, 209], 304), found 400
REQUEST		Search game with name	1697358406387	1697358436396	KO	status.find.in([200, 209], 304), found 400
REQUEST		Search game with name	1697358406393	1697358436401	KO	status.find.in([200, 209], 304), found 400
REQUEST		Search game with name	1697358406393	1697358436401	KO	status.find.in([200, 209], 304), found 400
REQUEST		Search game with name	1697358406397	1697358436401	KO	status.find.in([200, 209], 304), found 400
REQUEST		Search game with name	1697358406397	1697358436403	KO	status.find.in([200, 209], 304), found 400
REQUEST		Search game with name	1697358406413	1697358436421	KO	status.find.in([200, 209], 304), found 400
REQUEST		Search game with name	1697358406415	1697358436424	KO	status.find.in([200, 209], 304), found 400
REQUEST		Search game with name	1697358406433	1697358436443	KO	status.find.in([200, 209], 304), found 400
REQUEST		Search game with name	1697358406438	1697358436444	KO	status.find.in([200, 209], 304), found 400
REQUEST		Search game with name	1697358406442	1697358436445	KO	status.find.in([200, 209], 304), found 400
REQUEST		Search game with name	1697358406437	1697358436447	KO	status.find.in([200, 209], 304), found 400
REQUEST		Search game with name	1697358406438	1697358436448	KO	status.find.in([200, 209], 304), found 400
REQUEST		Search game with name	1697358406442	1697358436448	KO	status.find.in([200, 209], 304), found 400
REQUEST		Search game with name	1697358406453	1697358436462	KO	status.find.in([200, 209], 304), found 400
REQUEST		Search game with name	1697358406457	1697358436463	KO	status.find.in([200, 209], 304), found 400
REQUEST		Search game with name	1697358406462	1697358436467	KO	status.find.in([200, 209], 304), found 400
REQUEST		Search game with name	1697358406466	1697358436475	KO	status.find.in([200, 209], 304), found 400
REQUEST		Search game with name	1697358406471	1697358436479	KO	status.find.in([200, 209], 304), found 400
REQUEST		Search game with name	1697358406478	1697358436483	KO	status.find.in([200, 209], 304), found 400
REQUEST		Search game with name	1697358406484	1697358436488	KO	status.find.in([200, 209], 304), found 400
REQUEST		Search game with name	1697358406481	1697358436488	KO	status.find.in([200, 209], 304), found 400
REQUEST		Search game with name	1697358406492	1697358436500	KO	status.find.in([200, 209], 304), found 400
REQUEST		Search game with name	1697358406500	1697358436503	KO	status.find.in([200, 209], 304), found 400
REQUEST		Search game with name	1697358406496	1697358436505	KO	status.find.in([200, 209], 304), found 400
REQUEST		Search game with name	1697358406507	1697358436512	KO	status.find.in([200, 209], 304), found 400
REQUEST		Search game with name	1697358406508	1697358436516	KO	status.find.in([200, 209], 304), found 400
REQUEST		Search game with name	1697358406518	1697358436527	KO	status.find.in([200, 209], 304), found 400
REQUEST		Search game with name	1697358406523	1697358436528	KO	status.find.in([200, 209], 304), found 400
REQUEST		Search game with name	1697358406519	1697358436529	KO	status.find.in([200, 209], 304), found 400
REQUEST		Search game with name	1697358406534	1697358436542	KO	status.find.in([200, 209], 304), found 400
REQUEST		Search game with name	1697358406549	1697358436554	KO	status.find.in([200, 209], 304), found 400
REQUEST		Search game with name	1697358406547	1697358436559	KO	status.find.in([200, 209], 304), found 400
REQUEST		Search game with name	1697358406547	1697358436559	KO	status.find.in([200, 209], 304), found 400
REQUEST		Search game with name	1697358406548	1697358436559	KO	status.find.in([200, 209], 304), found 400
REQUEST		Search game with name	1697358406560	1697358436568	KO	status.find.in([200, 209], 304), found 400
REQUEST		Search game with name	1697358406561	1697358436568	KO	status.find.in([200, 209], 304), found 400
REQUEST		Search game with name	1697358406566	1697358436574	KO	status.find.in([200, 209], 304), found 400
REQUEST		Search game with name	1697358406570	1697358436579	KO	status.find.in([200, 209], 304), found 400
REQUEST		Search game with name	1697358406576	1697358436584	KO	status.find.in([200, 209], 304), found 400
REQUEST		Search game with name	1697358406581	1697358436588	KO	status.find.in([200, 209], 304), found 400
REQUEST		Search game with name	1697358406592	1697358436599	KO	status.find.in([200, 209], 304), found 400
REQUEST		Search game with name	1697358406589	1697358436599	KO	status.find.in([200, 209], 304), found 400
REQUEST		Search game with name	1697358406605	1697358436611	KO	status.find.in([200, 209], 304), found 400
REQUEST		Search game with name	1697358406605	1697358436616	KO	status.find.in([200, 209], 304), found 400
REQUEST		Search game with name	1697358406607	1697358436616	KO	status.find.in([200, 209], 304), found 400
REQUEST		Search game with name	1697358406613	1697358436621	KO	status.find.in([200, 209], 304), found 400
REQUEST		Search game with name	1697358406619	1697358436630	KO	status.find.in([200, 209], 304), found 400
REQUEST		Search game with name	1697358405985	1697358436639	OK	 
REQUEST		Search game with name	1697358405992	1697358436746	OK	 
REQUEST		Search game with name	1697358405985	1697358436976	OK	 
REQUEST		Search game with name	1697358405997	1697358437183	OK	 
USER	Backend Stress Test	END	1697358437271
REQUEST		Search game with name	1697358406000	1697358437352	OK	 
USER	Backend Stress Test	END	1697358437729
USER	Backend Stress Test	END	1697358437729
REQUEST		Search game with name	1697358406009	1697358437925	OK	 
USER	Backend Stress Test	END	1697358438048
USER	Backend Stress Test	END	1697358438048
USER	Backend Stress Test	END	1697358438049
USER	Backend Stress Test	END	1697358438057
USER	Backend Stress Test	END	1697358438058
USER	Backend Stress Test	END	1697358438068
USER	Backend Stress Test	END	1697358438078
USER	Backend Stress Test	END	1697358438079
USER	Backend Stress Test	END	1697358438080
USER	Backend Stress Test	END	1697358438092
USER	Backend Stress Test	END	1697358438092
USER	Backend Stress Test	END	1697358438094
USER	Backend Stress Test	END	1697358438095
USER	Backend Stress Test	END	1697358438105
USER	Backend Stress Test	END	1697358438108
USER	Backend Stress Test	END	1697358438115
USER	Backend Stress Test	END	1697358438116
USER	Backend Stress Test	END	1697358438123
REQUEST		Search game with name	1697358406008	1697358438130	OK	 
USER	Backend Stress Test	END	1697358438136
USER	Backend Stress Test	END	1697358438137
USER	Backend Stress Test	END	1697358438141
USER	Backend Stress Test	END	1697358438144
USER	Backend Stress Test	END	1697358438145
USER	Backend Stress Test	END	1697358438154
USER	Backend Stress Test	END	1697358438157
USER	Backend Stress Test	END	1697358438165
USER	Backend Stress Test	END	1697358438167
USER	Backend Stress Test	END	1697358438177
USER	Backend Stress Test	END	1697358438182
USER	Backend Stress Test	END	1697358438183
USER	Backend Stress Test	END	1697358438192
USER	Backend Stress Test	END	1697358438195
USER	Backend Stress Test	END	1697358438198
USER	Backend Stress Test	END	1697358438207
USER	Backend Stress Test	END	1697358438210
USER	Backend Stress Test	END	1697358438211
USER	Backend Stress Test	END	1697358438217
USER	Backend Stress Test	END	1697358438224
USER	Backend Stress Test	END	1697358438233
USER	Backend Stress Test	END	1697358438240
USER	Backend Stress Test	END	1697358438241
USER	Backend Stress Test	END	1697358438247
USER	Backend Stress Test	END	1697358438252
USER	Backend Stress Test	END	1697358438258
USER	Backend Stress Test	END	1697358438267
USER	Backend Stress Test	END	1697358438267
USER	Backend Stress Test	END	1697358438268
USER	Backend Stress Test	END	1697358438276
USER	Backend Stress Test	END	1697358438283
USER	Backend Stress Test	END	1697358438289
USER	Backend Stress Test	END	1697358438290
USER	Backend Stress Test	END	1697358438294
USER	Backend Stress Test	END	1697358438310
USER	Backend Stress Test	END	1697358438313
USER	Backend Stress Test	END	1697358438313
USER	Backend Stress Test	END	1697358438319
USER	Backend Stress Test	END	1697358438319
USER	Backend Stress Test	END	1697358438319
USER	Backend Stress Test	END	1697358438334
USER	Backend Stress Test	END	1697358438344
USER	Backend Stress Test	END	1697358438345
USER	Backend Stress Test	END	1697358438354
USER	Backend Stress Test	END	1697358438354
USER	Backend Stress Test	END	1697358438355
USER	Backend Stress Test	END	1697358438360
USER	Backend Stress Test	END	1697358438363
USER	Backend Stress Test	END	1697358438371
USER	Backend Stress Test	END	1697358438371
USER	Backend Stress Test	END	1697358438381
USER	Backend Stress Test	END	1697358438382
USER	Backend Stress Test	END	1697358438390
USER	Backend Stress Test	END	1697358438397
USER	Backend Stress Test	END	1697358438402
USER	Backend Stress Test	END	1697358438402
USER	Backend Stress Test	END	1697358438403
USER	Backend Stress Test	END	1697358438404
USER	Backend Stress Test	END	1697358438422
USER	Backend Stress Test	END	1697358438424
USER	Backend Stress Test	END	1697358438444
USER	Backend Stress Test	END	1697358438445
USER	Backend Stress Test	END	1697358438447
USER	Backend Stress Test	END	1697358438448
USER	Backend Stress Test	END	1697358438449
USER	Backend Stress Test	END	1697358438450
USER	Backend Stress Test	END	1697358438464
USER	Backend Stress Test	END	1697358438464
USER	Backend Stress Test	END	1697358438469
USER	Backend Stress Test	END	1697358438477
USER	Backend Stress Test	END	1697358438481
USER	Backend Stress Test	END	1697358438484
USER	Backend Stress Test	END	1697358438492
USER	Backend Stress Test	END	1697358438492
USER	Backend Stress Test	END	1697358438502
USER	Backend Stress Test	END	1697358438506
USER	Backend Stress Test	END	1697358438507
USER	Backend Stress Test	END	1697358438518
USER	Backend Stress Test	END	1697358438519
USER	Backend Stress Test	END	1697358438530
USER	Backend Stress Test	END	1697358438531
USER	Backend Stress Test	END	1697358438531
USER	Backend Stress Test	END	1697358438544
USER	Backend Stress Test	END	1697358438557
USER	Backend Stress Test	END	1697358438561
USER	Backend Stress Test	END	1697358438561
USER	Backend Stress Test	END	1697358438561
USER	Backend Stress Test	END	1697358438571
USER	Backend Stress Test	END	1697358438571
USER	Backend Stress Test	END	1697358438576
USER	Backend Stress Test	END	1697358438580
USER	Backend Stress Test	END	1697358438586
USER	Backend Stress Test	END	1697358438589
USER	Backend Stress Test	END	1697358438600
USER	Backend Stress Test	END	1697358438601
USER	Backend Stress Test	END	1697358438613
USER	Backend Stress Test	END	1697358438617
USER	Backend Stress Test	END	1697358438617
USER	Backend Stress Test	END	1697358438623
USER	Backend Stress Test	END	1697358438631
USER	Backend Stress Test	END	1697358438641
USER	Backend Stress Test	END	1697358438747
REQUEST		Search game with name	1697358406017	1697358438871	OK	 
USER	Backend Stress Test	END	1697358438978
USER	Backend Stress Test	END	1697358439186
REQUEST		Search game with name	1697358406020	1697358439271	OK	 
REQUEST		Search game with name	1697358406026	1697358439271	OK	 
USER	Backend Stress Test	END	1697358439354
USER	Backend Stress Test	END	1697358439927
USER	Backend Stress Test	END	1697358440133
USER	Backend Stress Test	END	1697358440872
USER	Backend Stress Test	END	1697358441272
USER	Backend Stress Test	END	1697358441272
REQUEST		Search game with name	1697358407213	1697358441755	OK	 
REQUEST		Search game with name	1697358408005	1697358441793	OK	 
REQUEST		Search game with name	1697358407374	1697358441969	OK	 
REQUEST		Search game with name	1697358408278	1697358442313	OK	 
REQUEST		Search game with name	1697358408240	1697358442639	OK	 
REQUEST		Search game with name	1697358408779	1697358443644	OK	 
USER	Backend Stress Test	END	1697358443757
USER	Backend Stress Test	END	1697358443796
USER	Backend Stress Test	END	1697358443971
REQUEST		Search game with name	1697358408906	1697358444207	OK	 
USER	Backend Stress Test	END	1697358444316
REQUEST		Search game with name	1697358409300	1697358444383	OK	 
USER	Backend Stress Test	END	1697358444641
REQUEST		Search game with name	1697358410739	1697358444769	OK	 
REQUEST		Search game with name	1697358410668	1697358444808	OK	 
USER	Backend Stress Test	END	1697358445646
USER	Backend Stress Test	END	1697358446209
USER	Backend Stress Test	END	1697358446387
USER	Backend Stress Test	END	1697358446771
USER	Backend Stress Test	END	1697358446810
